<?xml version="1.0" encoding="UTF-8"?>
<!-- Generated by org.testng.reporters.JUnitReportReporter -->
<testsuite skipped="0" hostname="Bello-PC" name="com.bootcamp.tests.ProjetCRUDTest" tests="3" failures="0" timestamp="10 nov. 2017 17:46:51 GMT" time="0.061" errors="0">
  <testcase name="update" time="0.022" classname="com.bootcamp.tests.ProjetCRUDTest"/>
  <testcase name="findall" time="0.009" classname="com.bootcamp.tests.ProjetCRUDTest"/>
  <testcase name="create" time="0.030" classname="com.bootcamp.tests.ProjetCRUDTest"/>
</testsuite> <!-- com.bootcamp.tests.ProjetCRUDTest -->
