<?xml version="1.0" encoding="UTF-8"?>
<!-- Generated by org.testng.reporters.JUnitReportReporter -->
<testsuite skipped="0" hostname="soul-PC" name="com.bootcamp.tests.GenerateTableTest" tests="3" failures="0" timestamp="10 nov. 2017 17:44:07 GMT" time="6.836" errors="0">
  <testcase name="createProgrammes" time="0.079" classname="com.bootcamp.tests.GenerateTableTest"/>
  <testcase name="useProgrammeCRUD" time="0.671" classname="com.bootcamp.tests.GenerateTableTest"/>
  <testcase name="createPhases" time="6.086" classname="com.bootcamp.tests.GenerateTableTest"/>
</testsuite> <!-- com.bootcamp.tests.GenerateTableTest -->
