<?xml version="1.0" encoding="UTF-8"?>
<!-- Generated by org.testng.reporters.JUnitReportReporter -->
<testsuite skipped="0" hostname="itbrain" name="com.bootcamp.tests.ProjetCRUDTest" tests="3" failures="0" timestamp="11 Nov 2017 12:31:56 GMT" time="3.072" errors="0">
  <testcase name="create" time="2.640" classname="com.bootcamp.tests.ProjetCRUDTest"/>
  <testcase name="findall" time="0.395" classname="com.bootcamp.tests.ProjetCRUDTest"/>
  <testcase name="update" time="0.037" classname="com.bootcamp.tests.ProjetCRUDTest"/>
</testsuite> <!-- com.bootcamp.tests.ProjetCRUDTest -->
