<?xml version="1.0" encoding="UTF-8"?>
<!-- Generated by org.testng.reporters.JUnitReportReporter -->
<testsuite skipped="0" hostname="Bello-PC" name="com.bootcamp.tests.GenerateTableTest" tests="3" failures="0" timestamp="11 nov. 2017 10:14:28 GMT" time="0.354" errors="0">
  <testcase name="createPhases" time="0.027" classname="com.bootcamp.tests.GenerateTableTest"/>
  <testcase name="useProgrammeCRUD" time="0.241" classname="com.bootcamp.tests.GenerateTableTest"/>
  <testcase name="createProgrammes" time="0.086" classname="com.bootcamp.tests.GenerateTableTest"/>
</testsuite> <!-- com.bootcamp.tests.GenerateTableTest -->
