<?xml version="1.0" encoding="UTF-8"?>
<!-- Generated by org.testng.reporters.JUnitReportReporter -->
<testsuite skipped="0" hostname="modestyEdwige" name="com.bootcamp.tests.GenerateTableTest" tests="3" failures="0" timestamp="09 nov. 2017 15:36:14 GMT" time="12.328" errors="0">
  <testcase name="createProgrammes" time="0.171" classname="com.bootcamp.tests.GenerateTableTest"/>
  <testcase name="createPhases" time="11.084" classname="com.bootcamp.tests.GenerateTableTest"/>
  <testcase name="useProgrammeCRUD" time="1.073" classname="com.bootcamp.tests.GenerateTableTest"/>
</testsuite> <!-- com.bootcamp.tests.GenerateTableTest -->
