<?xml version="1.0" encoding="UTF-8"?>
<!-- Generated by org.testng.reporters.JUnitReportReporter -->
<testsuite skipped="0" hostname="Bello-PC" name="com.bootcamp.tests.ProjetCRUDTest" tests="3" failures="0" timestamp="11 nov. 2017 10:14:28 GMT" time="0.102" errors="0">
  <testcase name="update" time="0.024" classname="com.bootcamp.tests.ProjetCRUDTest"/>
  <testcase name="create" time="0.069" classname="com.bootcamp.tests.ProjetCRUDTest"/>
  <testcase name="findall" time="0.009" classname="com.bootcamp.tests.ProjetCRUDTest"/>
</testsuite> <!-- com.bootcamp.tests.ProjetCRUDTest -->
