<?xml version="1.0" encoding="UTF-8"?>
<!-- Generated by org.testng.reporters.JUnitReportReporter -->
<testsuite skipped="0" hostname="soul-PC" name="com.bootcamp.tests.ProjetCRUDTest" tests="3" failures="0" timestamp="12 nov. 2017 11:55:06 GMT" time="0.077" errors="0">
  <testcase name="create" time="0.042" classname="com.bootcamp.tests.ProjetCRUDTest"/>
  <testcase name="update" time="0.020" classname="com.bootcamp.tests.ProjetCRUDTest"/>
  <testcase name="findall" time="0.015" classname="com.bootcamp.tests.ProjetCRUDTest"/>
</testsuite> <!-- com.bootcamp.tests.ProjetCRUDTest -->
