<?xml version="1.0" encoding="UTF-8"?>
<!-- Generated by org.testng.reporters.JUnitReportReporter -->
<testsuite skipped="0" hostname="Bello-PC" name="com.bootcamp.tests.GenerateTableTest" tests="3" failures="0" timestamp="10 nov. 2017 17:46:51 GMT" time="0.344" errors="0">
  <testcase name="createPhases" time="0.046" classname="com.bootcamp.tests.GenerateTableTest"/>
  <testcase name="useProgrammeCRUD" time="0.258" classname="com.bootcamp.tests.GenerateTableTest"/>
  <testcase name="createProgrammes" time="0.040" classname="com.bootcamp.tests.GenerateTableTest"/>
</testsuite> <!-- com.bootcamp.tests.GenerateTableTest -->
