<?xml version="1.0" encoding="UTF-8"?>
<!-- Generated by org.testng.reporters.JUnitReportReporter -->
<testsuite skipped="0" hostname="soul-PC" name="com.bootcamp.tests.GenerateTableTest" tests="3" failures="0" timestamp="09 nov. 2017 07:58:07 GMT" time="6.232" errors="0">
  <testcase name="useProgrammeCRUD" time="0.770" classname="com.bootcamp.tests.GenerateTableTest"/>
  <testcase name="createPhases" time="5.412" classname="com.bootcamp.tests.GenerateTableTest"/>
  <testcase name="createProgrammes" time="0.050" classname="com.bootcamp.tests.GenerateTableTest"/>
</testsuite> <!-- com.bootcamp.tests.GenerateTableTest -->
