<?xml version="1.0" encoding="UTF-8"?>
<!-- Generated by org.testng.reporters.JUnitReportReporter -->
<testsuite skipped="0" hostname="modestyEdwige" name="com.bootcamp.tests.ProjetCRUDTest" tests="3" failures="0" timestamp="09 nov. 2017 15:36:14 GMT" time="0.344" errors="0">
  <testcase name="create" time="0.100" classname="com.bootcamp.tests.ProjetCRUDTest"/>
  <testcase name="update" time="0.184" classname="com.bootcamp.tests.ProjetCRUDTest"/>
  <testcase name="findall" time="0.060" classname="com.bootcamp.tests.ProjetCRUDTest"/>
</testsuite> <!-- com.bootcamp.tests.ProjetCRUDTest -->
