<?xml version="1.0" encoding="UTF-8"?>
<!-- Generated by org.testng.reporters.JUnitReportReporter -->
<testsuite skipped="0" hostname="itbrain" name="com.bootcamp.tests.GenerateTableTest" tests="3" failures="0" timestamp="11 Nov 2017 12:31:56 GMT" time="0.496" errors="0">
  <testcase name="createPhases" time="0.263" classname="com.bootcamp.tests.GenerateTableTest"/>
  <testcase name="createProgrammes" time="0.205" classname="com.bootcamp.tests.GenerateTableTest"/>
  <testcase name="useProgrammeCRUD" time="0.028" classname="com.bootcamp.tests.GenerateTableTest"/>
</testsuite> <!-- com.bootcamp.tests.GenerateTableTest -->
