<?xml version="1.0" encoding="UTF-8"?>
<!-- Generated by org.testng.reporters.JUnitReportReporter -->
<testsuite skipped="0" hostname="soul-PC" name="com.bootcamp.tests.GenerateTableTest" tests="3" failures="0" timestamp="12 nov. 2017 11:55:06 GMT" time="0.147" errors="0">
  <testcase name="createProgrammes" time="0.032" classname="com.bootcamp.tests.GenerateTableTest"/>
  <testcase name="createPhases" time="0.047" classname="com.bootcamp.tests.GenerateTableTest"/>
  <testcase name="useProgrammeCRUD" time="0.068" classname="com.bootcamp.tests.GenerateTableTest"/>
</testsuite> <!-- com.bootcamp.tests.GenerateTableTest -->
